<?xml version="1.0" encoding="UTF-8" ?>
<testsuite errors="0" failures="0" hostname="Daniels-MacBook-Pro.local" name="helloWorld.HelloWorldTest" tests="1" time="0.18" timestamp="2016-08-13T14:17:42">
  <properties>
    <property name="java.vendor" value="Oracle Corporation" />
    <property name="sun.java.launcher" value="SUN_STANDARD" />
    <property name="coverage.reports.dir" value="/Users/loxtank/Library/Mobile Documents/com~apple~CloudDocs/DSV/INTE/INTE-project/bin/test/reports/coverage" />
    <property name="sun.management.compiler" value="HotSpot 64-Bit Tiered Compilers" />
    <property name="test.data.dir" value="/Users/loxtank/Library/Mobile Documents/com~apple~CloudDocs/DSV/INTE/INTE-project/bin/test/testResults" />
    <property name="ant.file.type.INTE-project-test" value="file" />
    <property name="lib" value="lib" />
    <property name="ant.file.INTE-project-test" value="/Users/loxtank/Library/Mobile Documents/com~apple~CloudDocs/DSV/INTE/INTE-project/build-test.xml" />
    <property name="os.name" value="Mac OS X" />
    <property name="sun.boot.class.path" value="/Library/Java/JavaVirtualMachines/jdk1.8.0_65.jdk/Contents/Home/jre/lib/resources.jar:/Library/Java/JavaVirtualMachines/jdk1.8.0_65.jdk/Contents/Home/jre/lib/rt.jar:/Library/Java/JavaVirtualMachines/jdk1.8.0_65.jdk/Contents/Home/jre/lib/sunrsasign.jar:/Library/Java/JavaVirtualMachines/jdk1.8.0_65.jdk/Contents/Home/jre/lib/jsse.jar:/Library/Java/JavaVirtualMachines/jdk1.8.0_65.jdk/Contents/Home/jre/lib/jce.jar:/Library/Java/JavaVirtualMachines/jdk1.8.0_65.jdk/Contents/Home/jre/lib/charsets.jar:/Library/Java/JavaVirtualMachines/jdk1.8.0_65.jdk/Contents/Home/jre/lib/jfr.jar:/Library/Java/JavaVirtualMachines/jdk1.8.0_65.jdk/Contents/Home/jre/classes" />
    <property name="ant.file.imported" value="/Users/loxtank/Library/Mobile Documents/com~apple~CloudDocs/DSV/INTE/INTE-project/lib/ant/junitpdfreport/build-junitpdfreport.xml" />
    <property name="test.reports.dir" value="/Users/loxtank/Library/Mobile Documents/com~apple~CloudDocs/DSV/INTE/INTE-project/bin/test/reports/junit" />
    <property name="TODAY" value="August 13 2016" />
    <property name="user.country.format" value="SE" />
    <property name="TARGET" value="1.8" />
    <property name="java.vm.specification.vendor" value="Oracle Corporation" />
    <property name="ant.home" value="/Users/loxtank/apache-ant-1.9.7" />
    <property name="java.runtime.version" value="1.8.0_65-b17" />
    <property name="test.build.dir" value="/Users/loxtank/Library/Mobile Documents/com~apple~CloudDocs/DSV/INTE/INTE-project/bin/test" />
    <property name="user.name" value="loxtank" />
    <property name="ant.file.INTE-project" value="/Users/loxtank/Library/Mobile Documents/com~apple~CloudDocs/DSV/INTE/INTE-project/build.xml" />
    <property name="build.dir" value="bin" />
    <property name="ant.file.type.INTE-project" value="file" />
    <property name="user.language" value="en" />
    <property name="sun.boot.library.path" value="/Library/Java/JavaVirtualMachines/jdk1.8.0_65.jdk/Contents/Home/jre/lib" />
    <property name="reports.dir" value="/Users/loxtank/Library/Mobile Documents/com~apple~CloudDocs/DSV/INTE/INTE-project/bin/test/reports" />
    <property name="ant.project.default-target" value="all-test" />
    <property name="ant.project.name" value="INTE-project-test" />
    <property name="DSTAMP" value="20160813" />
    <property name="java.version" value="1.8.0_65" />
    <property name="user.timezone" value="" />
    <property name="sun.arch.data.model" value="64" />
    <property name="java.endorsed.dirs" value="/Library/Java/JavaVirtualMachines/jdk1.8.0_65.jdk/Contents/Home/jre/lib/endorsed" />
    <property name="sun.cpu.isalist" value="" />
    <property name="sun.jnu.encoding" value="UTF-8" />
    <property name="file.encoding.pkg" value="sun.io" />
    <property name="file.separator" value="/" />
    <property name="java.specification.name" value="Java Platform API Specification" />
    <property name="java.class.version" value="52.0" />
    <property name="src" value="src" />
    <property name="user.country" value="US" />
    <property name="java.home" value="/Library/Java/JavaVirtualMachines/jdk1.8.0_65.jdk/Contents/Home/jre" />
    <property name="VERBOSE" value="true" />
    <property name="java.vm.info" value="mixed mode" />
    <property name="ant.file" value="/Users/loxtank/Library/Mobile Documents/com~apple~CloudDocs/DSV/INTE/INTE-project/build-test.xml" />
    <property name="os.version" value="10.11.6" />
    <property name="lastUpdated" value="2016-08-13 16:17:40" />
    <property name="path.separator" value=":" />
    <property name="java.vm.version" value="25.65-b01" />
    <property name="ant.library.dir" value="/Users/loxtank/apache-ant-1.9.7/lib" />
    <property name="java.awt.printerjob" value="sun.lwawt.macosx.CPrinterJob" />
    <property name="sun.io.unicode.encoding" value="UnicodeBig" />
    <property name="awt.toolkit" value="sun.lwawt.macosx.LWCToolkit" />
    <property name="_jacoco.agentFile" value="/var/folders/1s/1rxvxrbj18716t6pmx1vh83c0000gn/T/jacocoagent483729971846633843.jar" />
    <property name="user.home" value="/Users/loxtank" />
    <property name="java.specification.vendor" value="Oracle Corporation" />
    <property name="java.library.path" value="/Users/loxtank/Library/Java/Extensions:/Library/Java/Extensions:/Network/Library/Java/Extensions:/System/Library/Java/Extensions:/usr/lib/java:." />
    <property name="java.vendor.url" value="http://java.oracle.com/" />
    <property name="java.vm.vendor" value="Oracle Corporation" />
    <property name="gopherProxySet" value="false" />
    <property name="java.runtime.name" value="Java(TM) SE Runtime Environment" />
    <property name="sun.java.command" value="org.apache.tools.ant.taskdefs.optional.junit.JUnitTestRunner helloWorld.HelloWorldTest skipNonTests=false filtertrace=true haltOnError=false haltOnFailure=false formatter=org.apache.tools.ant.taskdefs.optional.junit.SummaryJUnitResultFormatter showoutput=false outputtoformatters=true logfailedtests=true threadid=0 logtestlistenerevents=false formatter=org.apache.tools.ant.taskdefs.optional.junit.XMLJUnitResultFormatter,/Users/loxtank/Library/Mobile Documents/com~apple~CloudDocs/DSV/INTE/INTE-project/bin/test/testResults/TEST-helloWorld.HelloWorldTest.xml crashfile=/Users/loxtank/Library/Mobile Documents/com~apple~CloudDocs/DSV/INTE/INTE-project/junitvmwatcher404901984892171557.properties propsfile=/Users/loxtank/Library/Mobile Documents/com~apple~CloudDocs/DSV/INTE/INTE-project/junit3042812000636693303.properties" />
    <property name="java.class.path" value="/Users/loxtank/Library/Mobile Documents/com~apple~CloudDocs/DSV/INTE/INTE-project/bin:/Users/loxtank/Library/Mobile Documents/com~apple~CloudDocs/DSV/INTE/INTE-project/lib/ant/ant/etc/ant-bootstrap.jar:/Users/loxtank/Library/Mobile Documents/com~apple~CloudDocs/DSV/INTE/INTE-project/lib/ant/ant/lib/ant-antlr.jar:/Users/loxtank/Library/Mobile Documents/com~apple~CloudDocs/DSV/INTE/INTE-project/lib/ant/ant/lib/ant-apache-bcel.jar:/Users/loxtank/Library/Mobile Documents/com~apple~CloudDocs/DSV/INTE/INTE-project/lib/ant/ant/lib/ant-apache-bsf.jar:/Users/loxtank/Library/Mobile Documents/com~apple~CloudDocs/DSV/INTE/INTE-project/lib/ant/ant/lib/ant-apache-log4j.jar:/Users/loxtank/Library/Mobile Documents/com~apple~CloudDocs/DSV/INTE/INTE-project/lib/ant/ant/lib/ant-apache-oro.jar:/Users/loxtank/Library/Mobile Documents/com~apple~CloudDocs/DSV/INTE/INTE-project/lib/ant/ant/lib/ant-apache-regexp.jar:/Users/loxtank/Library/Mobile Documents/com~apple~CloudDocs/DSV/INTE/INTE-project/lib/ant/ant/lib/ant-apache-resolver.jar:/Users/loxtank/Library/Mobile Documents/com~apple~CloudDocs/DSV/INTE/INTE-project/lib/ant/ant/lib/ant-apache-xalan2.jar:/Users/loxtank/Library/Mobile Documents/com~apple~CloudDocs/DSV/INTE/INTE-project/lib/ant/ant/lib/ant-commons-logging.jar:/Users/loxtank/Library/Mobile Documents/com~apple~CloudDocs/DSV/INTE/INTE-project/lib/ant/ant/lib/ant-commons-net.jar:/Users/loxtank/Library/Mobile Documents/com~apple~CloudDocs/DSV/INTE/INTE-project/lib/ant/ant/lib/ant-jai.jar:/Users/loxtank/Library/Mobile Documents/com~apple~CloudDocs/DSV/INTE/INTE-project/lib/ant/ant/lib/ant-javamail.jar:/Users/loxtank/Library/Mobile Documents/com~apple~CloudDocs/DSV/INTE/INTE-project/lib/ant/ant/lib/ant-jdepend.jar:/Users/loxtank/Library/Mobile Documents/com~apple~CloudDocs/DSV/INTE/INTE-project/lib/ant/ant/lib/ant-jmf.jar:/Users/loxtank/Library/Mobile Documents/com~apple~CloudDocs/DSV/INTE/INTE-project/lib/ant/ant/lib/ant-jsch.jar:/Users/loxtank/Library/Mobile Documents/com~apple~CloudDocs/DSV/INTE/INTE-project/lib/ant/ant/lib/ant-junit.jar:/Users/loxtank/Library/Mobile Documents/com~apple~CloudDocs/DSV/INTE/INTE-project/lib/ant/ant/lib/ant-junit4.jar:/Users/loxtank/Library/Mobile Documents/com~apple~CloudDocs/DSV/INTE/INTE-project/lib/ant/ant/lib/ant-launcher.jar:/Users/loxtank/Library/Mobile Documents/com~apple~CloudDocs/DSV/INTE/INTE-project/lib/ant/ant/lib/ant-netrexx.jar:/Users/loxtank/Library/Mobile Documents/com~apple~CloudDocs/DSV/INTE/INTE-project/lib/ant/ant/lib/ant-swing.jar:/Users/loxtank/Library/Mobile Documents/com~apple~CloudDocs/DSV/INTE/INTE-project/lib/ant/ant/lib/ant-testutil.jar:/Users/loxtank/Library/Mobile Documents/com~apple~CloudDocs/DSV/INTE/INTE-project/lib/ant/ant/lib/ant.jar:/Users/loxtank/Library/Mobile Documents/com~apple~CloudDocs/DSV/INTE/INTE-project/lib/ant/jacoco/lib/jacocoagent.jar:/Users/loxtank/Library/Mobile Documents/com~apple~CloudDocs/DSV/INTE/INTE-project/lib/ant/jacoco/lib/jacocoant.jar:/Users/loxtank/Library/Mobile Documents/com~apple~CloudDocs/DSV/INTE/INTE-project/lib/ant/jacoco/lib/org.jacoco.agent-0.5.6.201201232323.jar:/Users/loxtank/Library/Mobile Documents/com~apple~CloudDocs/DSV/INTE/INTE-project/lib/ant/jacoco/lib/org.jacoco.ant-0.5.6.201201232323.jar:/Users/loxtank/Library/Mobile Documents/com~apple~CloudDocs/DSV/INTE/INTE-project/lib/ant/jacoco/lib/org.jacoco.core-0.5.6.201201232323.jar:/Users/loxtank/Library/Mobile Documents/com~apple~CloudDocs/DSV/INTE/INTE-project/lib/ant/jacoco/lib/org.jacoco.report-0.5.6.201201232323.jar:/Users/loxtank/Library/Mobile Documents/com~apple~CloudDocs/DSV/INTE/INTE-project/lib/ant/junitpdfreport/lib/avalon-framework-4.2.0.jar:/Users/loxtank/Library/Mobile Documents/com~apple~CloudDocs/DSV/INTE/INTE-project/lib/ant/junitpdfreport/lib/batik-util-1.7.jar:/Users/loxtank/Library/Mobile Documents/com~apple~CloudDocs/DSV/INTE/INTE-project/lib/ant/junitpdfreport/lib/commons-io-1.1.jar:/Users/loxtank/Library/Mobile Documents/com~apple~CloudDocs/DSV/INTE/INTE-project/lib/ant/junitpdfreport/lib/commons-logging-1.0.4.jar:/Users/loxtank/Library/Mobile Documents/com~apple~CloudDocs/DSV/INTE/INTE-project/lib/ant/junitpdfreport/lib/fop.jar:/Users/loxtank/Library/Mobile Documents/com~apple~CloudDocs/DSV/INTE/INTE-project/lib/ant/junitpdfreport/lib/xmlgraphics-commons-1.1-snapshot.jar:/Users/loxtank/Library/Mobile Documents/com~apple~CloudDocs/DSV/INTE/INTE-project/lib/hamcrest-core-1.3.jar:/Users/loxtank/Library/Mobile Documents/com~apple~CloudDocs/DSV/INTE/INTE-project/lib/junit-4.11.jar:/Users/loxtank/Library/Mobile Documents/com~apple~CloudDocs/DSV/INTE/INTE-project/lib/test/junit/junit-4.10.jar:/Users/loxtank/apache-ant-1.9.7/lib/ant-launcher.jar:/Users/loxtank/apache-ant-1.9.7/lib/ant.jar:/Users/loxtank/apache-ant-1.9.7/lib/ant-junit.jar:/Users/loxtank/apache-ant-1.9.7/lib/ant-junit4.jar:/var/folders/1s/1rxvxrbj18716t6pmx1vh83c0000gn/T/jacocoagent483729971846633843.jar" />
    <property name="ant.version" value="Apache Ant(TM) version 1.9.7 compiled on April 9 2016" />
    <property name="TSTAMP" value="1617" />
    <property name="java.vm.specification.name" value="Java Virtual Machine Specification" />
    <property name="ant.file.type" value="file" />
    <property name="java.vm.specification.version" value="1.8" />
    <property name="ant.file.type.imported" value="file" />
    <property name="sun.cpu.endian" value="little" />
    <property name="sun.os.patch.level" value="unknown" />
    <property name="java.io.tmpdir" value="/var/folders/1s/1rxvxrbj18716t6pmx1vh83c0000gn/T/" />
    <property name="DEBUG" value="true" />
    <property name="test.src" value="/Users/loxtank/Library/Mobile Documents/com~apple~CloudDocs/DSV/INTE/INTE-project/test" />
    <property name="java.vendor.url.bug" value="http://bugreport.sun.com/bugreport/" />
    <property name="java.awt.graphicsenv" value="sun.awt.CGraphicsEnvironment" />
    <property name="os.arch" value="x86_64" />
    <property name="java.ext.dirs" value="/Users/loxtank/Library/Java/Extensions:/Library/Java/JavaVirtualMachines/jdk1.8.0_65.jdk/Contents/Home/jre/lib/ext:/Library/Java/Extensions:/Network/Library/Java/Extensions:/System/Library/Java/Extensions:/usr/lib/java" />
    <property name="user.dir" value="/Users/loxtank/Library/Mobile Documents/com~apple~CloudDocs/DSV/INTE/INTE-project" />
    <property name="line.separator" value="&#xa;" />
    <property name="java.vm.name" value="Java HotSpot(TM) 64-Bit Server VM" />
    <property name="basedir" value="/Users/loxtank/Library/Mobile Documents/com~apple~CloudDocs/DSV/INTE/INTE-project" />
    <property name="ant.java.version" value="1.8" />
    <property name="ant.core.lib" value="/Users/loxtank/apache-ant-1.9.7/lib/ant.jar" />
    <property name="xmx" value="-Xmx1024m" />
    <property name="file.encoding" value="UTF-8" />
    <property name="xms" value="-Xms256m" />
    <property name="imported.basedir" value="/Users/loxtank/Library/Mobile Documents/com~apple~CloudDocs/DSV/INTE/INTE-project/lib/ant/junitpdfreport" />
    <property name="java.specification.version" value="1.8" />
    <property name="ant.project.invoked-targets" value="all-test" />
  </properties>
  <testcase classname="helloWorld.HelloWorldTest" name="testHelloWorld" time="0.018" />
  <system-out><![CDATA[]]></system-out>
  <system-err><![CDATA[]]></system-err>
</testsuite>
